20:09:24 [main] INFO  - Client has started
20:09:24 [main] INFO  - Client connected to the server
20:58:46 [main] INFO  - Client has started
20:58:46 [main] INFO  - Client connected to the server
21:00:50 [main] INFO  - Client has started
21:00:50 [main] INFO  - Client connected to the server
21:01:54 [main] INFO  - Client has started
21:01:54 [main] INFO  - Client connected to the server
21:01:54 [main] INFO  - video Object has been created
21:01:54 [main] INFO  - Base msg created
21:01:54 [main] INFO  - Encoded Msg has been sent
21:03:22 [main] INFO  - Client has started
21:03:22 [main] INFO  - Client connected to the server
21:03:22 [main] INFO  - video Object has been created
21:03:22 [main] INFO  - Base msg created
21:03:23 [main] INFO  - Encoded Msg has been sent
21:04:00 [main] INFO  - Client has started
21:04:00 [main] INFO  - Client connected to the server
21:04:00 [main] INFO  - video Object has been created
21:04:00 [main] INFO  - Base msg created
21:04:01 [main] INFO  - Encoded Msg has been sent
21:08:32 [main] INFO  - Client has started
21:08:32 [main] INFO  - Client connected to the server
21:08:32 [main] INFO  - video Object has been created
21:08:32 [main] INFO  - Base msg created
21:08:32 [main] INFO  - Encoded Msg has been sent
21:09:51 [main] INFO  - Client has started
21:09:51 [main] INFO  - Client connected to the server
21:09:51 [main] INFO  - video Object has been created
21:09:51 [main] INFO  - Base msg created
21:09:51 [main] INFO  - Encoded Msg has been sent
19:10:40 [main] INFO  - Client has started
19:10:48 [main] INFO  - Client has started
19:10:48 [main] INFO  - Client connected to the server
19:10:48 [main] INFO  - video Object has been created
19:10:48 [main] INFO  - Encoded Msg has been sent
19:15:01 [main] INFO  - Client has started
19:15:01 [main] INFO  - Client connected to the server
19:15:44 [main] INFO  - Client has started
19:15:44 [main] INFO  - Client connected to the server
19:15:44 [main] INFO  - video Object has been created
19:15:44 [main] INFO  - Encoded Msg has been sent
19:16:24 [main] INFO  - Client has started
19:16:24 [main] INFO  - Client connected to the server
19:16:24 [main] INFO  - video Object has been created
19:16:24 [main] INFO  - Base msg created
19:16:24 [main] INFO  - Encoded Msg has been sent
