12:43:32 [main] INFO  - Client Uploader connected to server
12:43:32 [main] INFO  - Base path and names has been defined
12:43:32 [main] INFO  - Video has found and its name is: bigbuckbunny_1500
12:43:32 [main] INFO  - Video Duration: 596.4577
12:43:44 [main] INFO  - Video bigbuckbunny_1500-part0.mp4 has been prepaired
12:43:44 [main] INFO  - Video bigbuckbunny_1500-part0.mp4 has been sent to the server
13:31:44 [main] INFO  - Client Uploader connected to server
13:31:44 [main] INFO  - Base path and names has been defined
13:31:44 [main] INFO  - Video has found and its name is: bigbuckbunny_1500
13:31:44 [main] INFO  - Video Duration: 596.4577
13:31:56 [main] INFO  - Video bigbuckbunny_1500-part0.mp4 has been prepaired
13:31:56 [main] INFO  - Video bigbuckbunny_1500-part0.mp4 has been sent to the server
13:43:33 [main] INFO  - Client Uploader connected to server
13:43:33 [main] INFO  - Base path and names has been defined
13:43:33 [main] INFO  - Video has found and its name is: bigbuckbunny_1500
13:43:33 [main] INFO  - Video Duration: 596.4577
13:43:45 [main] INFO  - Video bigbuckbunny_1500-part0.mp4 has been prepaired
13:43:45 [main] INFO  - Video bigbuckbunny_1500-part0.mp4 has been sent to the server
13:44:01 [main] INFO  - Video bigbuckbunny_1500-part1.mp4 has been prepaired
13:44:01 [main] INFO  - Video bigbuckbunny_1500-part1.mp4 has been sent to the server
15:02:03 [main] INFO  - Client Uploader connected to server
15:02:03 [main] INFO  - Base path and names has been defined
15:02:03 [main] INFO  - Video has found and its name is: bigbuckbunny_1500
15:02:03 [main] INFO  - Video Duration: 596.4577
15:02:16 [main] INFO  - Video bigbuckbunny_1500-part0.mp4 has been prepaired
15:02:16 [main] INFO  - Video bigbuckbunny_1500-part0.mp4 has been sent to the server
15:11:23 [main] INFO  - Client Uploader connected to server
15:11:23 [main] INFO  - Base path and names has been defined
15:11:23 [main] INFO  - Video has found and its name is: bigbuckbunny_1500
15:11:23 [main] INFO  - Video Duration: 596.4577
15:11:36 [main] INFO  - Video bigbuckbunny_1500-part0.mp4 has been prepaired
15:11:36 [main] INFO  - Video bigbuckbunny_1500-part0.mp4 has been sent to the server
