21:23:48 [main] INFO  - Client has started
21:23:48 [main] INFO  - Client connected to the server
21:23:48 [main] INFO  -  LLEGO 
21:25:00 [main] INFO  - Client has started
21:25:11 [main] INFO  - Client has started
21:25:11 [main] INFO  - Client connected to the server
21:25:11 [main] INFO  - {"header":"uploadFile","body":{"name":"hola","path":"/home/soporte/Desktop/basedeejemplo","data":[9,10,115,99,112,32,45,80,32,50,50,52,52,32,45,114,32,47,104,111,109,101,47,115,111,112,111,114,116,101,47,68,101,115,107,116,111,112,47,100,105,115,116,114,105,98,117,116,101,100,80,114,111,99,101,115,115,105,110,103,84,104,101,115,105,115,46,122,105,112,32,100,112,101,116,114,111,99,101,108,108,105,64,49,55,48,46,50,49,48,46,49,48,51,46,50,51,58,47,104,111,109,101,47,100,112,101,116,114,111,99,101,108,108,105,10,97,115,100,102,97,100,115,10,102,97,115,100,10,102,97,10,100,115,102,10,97,100,115,102,10,100,97,102,10]}}
21:27:20 [main] INFO  - Client has started
21:27:20 [main] INFO  - Client connected to the server
21:27:20 [main] INFO  - {"header":"uploadFile","body":{"name":"hola","path":"/home/soporte/Desktop/basedeejemplo","data":[9,10,115,99,112,32,45,80,32,50,50,52,52,32,45,114,32,47,104,111,109,101,47,115,111,112,111,114,116,101,47,68,101,115,107,116,111,112,47,100,105,115,116,114,105,98,117,116,101,100,80,114,111,99,101,115,115,105,110,103,84,104,101,115,105,115,46,122,105,112,32,100,112,101,116,114,111,99,101,108,108,105,64,49,55,48,46,50,49,48,46,49,48,51,46,50,51,58,47,104,111,109,101,47,100,112,101,116,114,111,99,101,108,108,105,10,97,115,100,102,97,100,115,10,102,97,115,100,10,102,97,10,100,115,102,10,97,100,115,102,10,100,97,102,10]}}
21:27:20 [main] INFO  -  LLEGO 
21:28:47 [main] INFO  - Client has started
21:28:47 [main] INFO  - Client connected to the server
21:28:47 [main] INFO  - {"header":"uploadFile","body":{"name":"hola","path":"/home/soporte/Desktop/basedeejemplo","data":[9,10,115,99,112,32,45,80,32,50,50,52,52,32,45,114,32,47,104,111,109,101,47,115,111,112,111,114,116,101,47,68,101,115,107,116,111,112,47,100,105,115,116,114,105,98,117,116,101,100,80,114,111,99,101,115,115,105,110,103,84,104,101,115,105,115,46,122,105,112,32,100,112,101,116,114,111,99,101,108,108,105,64,49,55,48,46,50,49,48,46,49,48,51,46,50,51,58,47,104,111,109,101,47,100,112,101,116,114,111,99,101,108,108,105,10,97,115,100,102,97,100,115,10,102,97,115,100,10,102,97,10,100,115,102,10,97,100,115,102,10,100,97,102,10]}}
21:28:47 [main] INFO  -  LLEGO 
21:32:16 [main] INFO  - Client has started
21:32:16 [main] INFO  - Client connected to the server
21:32:52 [main] INFO  - Client has started
21:32:52 [main] INFO  - Client connected to the server
21:32:52 [main] INFO  -  LLEGO 
21:33:49 [main] INFO  - Client has started
21:33:49 [main] INFO  - Client connected to the server
21:33:50 [main] INFO  -  LLEGO 
21:35:20 [main] INFO  - Client has started
21:35:20 [main] INFO  - Client connected to the server
21:35:21 [main] INFO  -  LLEGO 
21:37:44 [main] INFO  - Client has started
21:37:44 [main] INFO  - Client connected to the server
21:37:44 [main] INFO  -  LLEGO 
21:47:27 [main] INFO  - Client has started
21:47:27 [main] INFO  - Client connected to the server
21:47:27 [main] INFO  -  LLEGO 
21:55:07 [main] INFO  - Client has started
21:55:07 [main] INFO  - Client connected to the server
21:55:07 [main] INFO  -  LLEGO 
21:57:36 [main] INFO  - Client has started
21:57:36 [main] INFO  - Client connected to the server
21:57:36 [main] INFO  -  LLEGO 
21:57:40 [main] INFO  - Client has started
21:57:40 [main] INFO  - Client connected to the server
21:57:40 [main] INFO  -  LLEGO 
21:57:42 [main] INFO  - Client has started
21:57:42 [main] INFO  - Client connected to the server
21:57:43 [main] INFO  -  LLEGO 
