21:53:57 [main] INFO  - Client has started
21:53:57 [main] INFO  - Client connected to the server
21:53:57 [main] INFO  - worker has created Request
21:53:57 [main] INFO  -  worker has sent request
21:53:57 [main] INFO  -  Worker has received task
21:55:19 [main] INFO  - Client has started
21:55:19 [main] INFO  - Client connected to the server
21:55:19 [main] INFO  - worker has created Request
21:55:19 [main] INFO  -  worker has sent request
21:55:19 [main] INFO  -  Worker has received task
21:55:19 [main] INFO  -  BODY: {"name":"hola","path":"/home/soporte/Desktop/basedeejemplo","data":[9,10,115,99,112,32,45,80,32,50,50,52,52,32,45,114,32,47,104,111,109,101,47,115,111,112,111,114,116,101,47,68,101,115,107,116,111,112,47,100,105,115,116,114,105,98,117,116,101,100,80,114,111,99,101,115,115,105,110,103,84,104,101,115,105,115,46,122,105,112,32,100,112,101,116,114,111,99,101,108,108,105,64,49,55,48,46,50,49,48,46,49,48,51,46,50,51,58,47,104,111,109,101,47,100,112,101,116,114,111,99,101,108,108,105,10,97,115,100,102,97,100,115,10,102,97,115,100,10,102,97,10,100,115,102,10,97,100,115,102,10,100,97,102,10]}
21:57:58 [main] INFO  - Client has started
21:57:58 [main] INFO  - Client connected to the server
21:57:58 [main] INFO  - worker has created Request
21:57:58 [main] INFO  -  worker has sent request
21:57:58 [main] INFO  -  Worker has received task
21:57:58 [main] INFO  - Worker saved file
22:07:37 [main] INFO  - Client has started
22:07:37 [main] INFO  - Client connected to the server
22:07:37 [main] INFO  - worker has created Request
22:07:37 [main] INFO  -  worker has sent request
22:07:37 [main] INFO  -  Worker has received task
22:07:37 [main] INFO  - Worker saved file
22:09:25 [main] INFO  - Client has started
22:09:25 [main] INFO  - Client connected to the server
22:09:25 [main] INFO  - worker has created Request
22:09:25 [main] INFO  -  worker has sent request
22:09:25 [main] INFO  -  Worker has received task
22:09:25 [main] INFO  - Worker saved file
22:09:35 [main] INFO  - MSG to SERVER: class5.rabbitmq.Message@73d4cc9e
22:09:35 [main] INFO  -  MSG to server ok
11:51:01 [main] INFO  - Client has started
11:51:01 [main] INFO  - Client connected to the server
11:51:02 [main] INFO  - worker has created Request
11:51:02 [main] INFO  -  worker has sent request
11:51:02 [main] INFO  -  Worker has received task
11:51:02 [main] INFO  - Worker saved file
11:51:12 [main] INFO  - MSG to SERVER: class5.rabbitmq.Message@73d4cc9e
11:51:12 [main] INFO  -  MSG to server ok
11:53:28 [main] INFO  - Client has started
11:53:28 [main] INFO  - Client connected to the server
11:53:28 [main] INFO  - worker has created Request
11:53:28 [main] INFO  -  worker has sent request
11:53:28 [main] INFO  -  Worker has received task
11:53:28 [main] INFO  - Worker saved file
11:53:38 [main] INFO  - MSG to SERVER: class5.rabbitmq.Message@73d4cc9e
11:53:38 [main] INFO  -  MSG to server ok
12:38:38 [main] INFO  - Client has started
12:38:38 [main] INFO  - Client connected to the server
12:38:38 [main] INFO  - worker has created Request
12:38:38 [main] INFO  -  worker has sent request
12:38:38 [main] INFO  -  Worker has received task
12:38:38 [main] INFO  - Worker saved file
12:38:48 [main] INFO  - MSG to SERVER: class5.rabbitmq.Message@73d4cc9e
12:38:48 [main] INFO  -  MSG to server ok
13:42:25 [main] INFO  - Client has started
13:42:25 [main] INFO  - Client connected to the server
13:42:25 [main] INFO  - worker has created Request
13:42:25 [main] INFO  -  worker has sent request
13:42:25 [main] INFO  -  Worker has received task
13:42:25 [main] INFO  - Worker saved file
13:42:35 [main] INFO  - MSG to SERVER: class5.rabbitmq.Message@73d4cc9e
13:42:35 [main] INFO  -  MSG to server ok
13:44:38 [main] INFO  - Client has started
13:44:38 [main] INFO  - Client connected to the server
13:44:38 [main] INFO  - worker has created Request
13:44:38 [main] INFO  -  worker has sent request
13:44:38 [main] INFO  -  Worker has received task
13:44:38 [main] INFO  - Worker saved file
13:44:48 [main] INFO  - MSG to SERVER: class5.rabbitmq.Message@73d4cc9e
13:44:48 [main] INFO  -  MSG to server ok
13:45:24 [main] INFO  - Client has started
13:45:24 [main] INFO  - Client connected to the server
13:45:24 [main] INFO  - worker has created Request
13:45:24 [main] INFO  -  worker has sent request
13:45:24 [main] INFO  -  Worker has received task
13:45:24 [main] INFO  - Worker saved file
13:45:34 [main] INFO  - MSG to SERVER: class5.rabbitmq.Message@73d4cc9e
13:45:34 [main] INFO  -  MSG to server ok
